<?xml version="1.0" encoding="UTF-8"?>
<testng-results ignored="0" total="12" passed="12" failed="0" skipped="0">
  <reporter-output>
  </reporter-output>
  <suite started-at="2022-08-17T10:16:34 IST" name="Command line suite" finished-at="2022-08-17T10:16:45 IST" duration-ms="10602">
    <groups>
      <group name="cucumber">
        <method signature="AbstractTestNGCucumberTests.runScenario(io.cucumber.testng.PickleWrapper,io.cucumber.testng.FeatureWrapper)[pri:0, instance:Runner.TestRunner@77888435]" name="runScenario" class="io.cucumber.testng.AbstractTestNGCucumberTests"/>
      </group> <!-- cucumber -->
    </groups>
    <test started-at="2022-08-17T10:16:34 IST" name="Command line test" finished-at="2022-08-17T10:16:45 IST" duration-ms="10602">
      <class name="Runner.TestRunner">
        <test-method is-config="true" signature="setUpClass()[pri:0, instance:Runner.TestRunner@77888435]" started-at="2022-08-17T10:16:35 IST" name="setUpClass" finished-at="2022-08-17T10:16:36 IST" duration-ms="637" status="PASS">
          <reporter-output>
          </reporter-output>
        </test-method> <!-- setUpClass -->
        <test-method signature="runScenario(io.cucumber.testng.PickleWrapper,io.cucumber.testng.FeatureWrapper)[pri:0, instance:Runner.TestRunner@77888435]" started-at="2022-08-17T10:16:36 IST" name="runScenario" description="Runs Cucumber Scenarios" data-provider="scenarios" finished-at="2022-08-17T10:16:38 IST" duration-ms="2440" status="PASS">
          <params>
            <param index="0">
              <value>
                <![CDATA["verify if user resources can be added"]]>
              </value>
            </param>
            <param index="1">
              <value>
                <![CDATA["Optional[UserController feature]"]]>
              </value>
            </param>
          </params>
          <reporter-output>
          </reporter-output>
        </test-method> <!-- runScenario -->
        <test-method signature="runScenario(io.cucumber.testng.PickleWrapper,io.cucumber.testng.FeatureWrapper)[pri:0, instance:Runner.TestRunner@77888435]" started-at="2022-08-17T10:16:38 IST" name="runScenario" description="Runs Cucumber Scenarios" data-provider="scenarios" finished-at="2022-08-17T10:16:40 IST" duration-ms="1351" status="PASS">
          <params>
            <param index="0">
              <value>
                <![CDATA["Verify existing user marks is updated"]]>
              </value>
            </param>
            <param index="1">
              <value>
                <![CDATA["Optional[UserController feature]"]]>
              </value>
            </param>
          </params>
          <reporter-output>
          </reporter-output>
        </test-method> <!-- runScenario -->
        <test-method signature="runScenario(io.cucumber.testng.PickleWrapper,io.cucumber.testng.FeatureWrapper)[pri:0, instance:Runner.TestRunner@77888435]" started-at="2022-08-17T10:16:40 IST" name="runScenario" description="Runs Cucumber Scenarios" data-provider="scenarios" finished-at="2022-08-17T10:16:40 IST" duration-ms="229" status="PASS">
          <params>
            <param index="0">
              <value>
                <![CDATA["Verify the user is not created with no name"]]>
              </value>
            </param>
            <param index="1">
              <value>
                <![CDATA["Optional[UserController feature]"]]>
              </value>
            </param>
          </params>
          <reporter-output>
          </reporter-output>
        </test-method> <!-- runScenario -->
        <test-method signature="runScenario(io.cucumber.testng.PickleWrapper,io.cucumber.testng.FeatureWrapper)[pri:0, instance:Runner.TestRunner@77888435]" started-at="2022-08-17T10:16:40 IST" name="runScenario" description="Runs Cucumber Scenarios" data-provider="scenarios" finished-at="2022-08-17T10:16:40 IST" duration-ms="417" status="PASS">
          <params>
            <param index="0">
              <value>
                <![CDATA["Verify the user is deleted"]]>
              </value>
            </param>
            <param index="1">
              <value>
                <![CDATA["Optional[UserController feature]"]]>
              </value>
            </param>
          </params>
          <reporter-output>
          </reporter-output>
        </test-method> <!-- runScenario -->
        <test-method signature="runScenario(io.cucumber.testng.PickleWrapper,io.cucumber.testng.FeatureWrapper)[pri:0, instance:Runner.TestRunner@77888435]" started-at="2022-08-17T10:16:40 IST" name="runScenario" description="Runs Cucumber Scenarios" data-provider="scenarios" finished-at="2022-08-17T10:16:41 IST" duration-ms="400" status="PASS">
          <params>
            <param index="0">
              <value>
                <![CDATA["Verify the users list is displayed"]]>
              </value>
            </param>
            <param index="1">
              <value>
                <![CDATA["Optional[UserController feature]"]]>
              </value>
            </param>
          </params>
          <reporter-output>
          </reporter-output>
        </test-method> <!-- runScenario -->
        <test-method signature="runScenario(io.cucumber.testng.PickleWrapper,io.cucumber.testng.FeatureWrapper)[pri:0, instance:Runner.TestRunner@77888435]" started-at="2022-08-17T10:16:41 IST" name="runScenario" description="Runs Cucumber Scenarios" data-provider="scenarios" finished-at="2022-08-17T10:16:41 IST" duration-ms="212" status="PASS">
          <params>
            <param index="0">
              <value>
                <![CDATA["Verify the user without giving address"]]>
              </value>
            </param>
            <param index="1">
              <value>
                <![CDATA["Optional[UserController feature]"]]>
              </value>
            </param>
          </params>
          <reporter-output>
          </reporter-output>
        </test-method> <!-- runScenario -->
        <test-method signature="runScenario(io.cucumber.testng.PickleWrapper,io.cucumber.testng.FeatureWrapper)[pri:0, instance:Runner.TestRunner@77888435]" started-at="2022-08-17T10:16:41 IST" name="runScenario" description="Runs Cucumber Scenarios" data-provider="scenarios" finished-at="2022-08-17T10:16:41 IST" duration-ms="229" status="PASS">
          <params>
            <param index="0">
              <value>
                <![CDATA["Verify the user is able to create with no marks"]]>
              </value>
            </param>
            <param index="1">
              <value>
                <![CDATA["Optional[UserController feature]"]]>
              </value>
            </param>
          </params>
          <reporter-output>
          </reporter-output>
        </test-method> <!-- runScenario -->
        <test-method signature="runScenario(io.cucumber.testng.PickleWrapper,io.cucumber.testng.FeatureWrapper)[pri:0, instance:Runner.TestRunner@77888435]" started-at="2022-08-17T10:16:41 IST" name="runScenario" description="Runs Cucumber Scenarios" data-provider="scenarios" finished-at="2022-08-17T10:16:42 IST" duration-ms="437" status="PASS">
          <params>
            <param index="0">
              <value>
                <![CDATA["Verify the user name is updated"]]>
              </value>
            </param>
            <param index="1">
              <value>
                <![CDATA["Optional[UserController feature]"]]>
              </value>
            </param>
          </params>
          <reporter-output>
          </reporter-output>
        </test-method> <!-- runScenario -->
        <test-method signature="runScenario(io.cucumber.testng.PickleWrapper,io.cucumber.testng.FeatureWrapper)[pri:0, instance:Runner.TestRunner@77888435]" started-at="2022-08-17T10:16:42 IST" name="runScenario" description="Runs Cucumber Scenarios" data-provider="scenarios" finished-at="2022-08-17T10:16:42 IST" duration-ms="360" status="PASS">
          <params>
            <param index="0">
              <value>
                <![CDATA["verify that the particular user in the list is displayed"]]>
              </value>
            </param>
            <param index="1">
              <value>
                <![CDATA["Optional[UserController feature]"]]>
              </value>
            </param>
          </params>
          <reporter-output>
          </reporter-output>
        </test-method> <!-- runScenario -->
        <test-method signature="runScenario(io.cucumber.testng.PickleWrapper,io.cucumber.testng.FeatureWrapper)[pri:0, instance:Runner.TestRunner@77888435]" started-at="2022-08-17T10:16:42 IST" name="runScenario" description="Runs Cucumber Scenarios" data-provider="scenarios" finished-at="2022-08-17T10:16:42 IST" duration-ms="329" status="PASS">
          <params>
            <param index="0">
              <value>
                <![CDATA["verify that the invalid id user is displayed"]]>
              </value>
            </param>
            <param index="1">
              <value>
                <![CDATA["Optional[UserController feature]"]]>
              </value>
            </param>
          </params>
          <reporter-output>
          </reporter-output>
        </test-method> <!-- runScenario -->
        <test-method signature="runScenario(io.cucumber.testng.PickleWrapper,io.cucumber.testng.FeatureWrapper)[pri:0, instance:Runner.TestRunner@77888435]" started-at="2022-08-17T10:16:42 IST" name="runScenario" description="Runs Cucumber Scenarios" data-provider="scenarios" finished-at="2022-08-17T10:16:43 IST" duration-ms="318" status="PASS">
          <params>
            <param index="0">
              <value>
                <![CDATA["Verify the user address is updated"]]>
              </value>
            </param>
            <param index="1">
              <value>
                <![CDATA["Optional[UserController feature]"]]>
              </value>
            </param>
          </params>
          <reporter-output>
          </reporter-output>
        </test-method> <!-- runScenario -->
        <test-method signature="runScenario(io.cucumber.testng.PickleWrapper,io.cucumber.testng.FeatureWrapper)[pri:0, instance:Runner.TestRunner@77888435]" started-at="2022-08-17T10:16:43 IST" name="runScenario" description="Runs Cucumber Scenarios" data-provider="scenarios" finished-at="2022-08-17T10:16:43 IST" duration-ms="333" status="PASS">
          <params>
            <param index="0">
              <value>
                <![CDATA["Verify the invalid id is deleted"]]>
              </value>
            </param>
            <param index="1">
              <value>
                <![CDATA["Optional[UserController feature]"]]>
              </value>
            </param>
          </params>
          <reporter-output>
          </reporter-output>
        </test-method> <!-- runScenario -->
        <test-method is-config="true" signature="tearDownClass()[pri:0, instance:Runner.TestRunner@77888435]" started-at="2022-08-17T10:16:43 IST" name="tearDownClass" finished-at="2022-08-17T10:16:45 IST" duration-ms="1966" status="PASS">
          <reporter-output>
          </reporter-output>
        </test-method> <!-- tearDownClass -->
      </class> <!-- Runner.TestRunner -->
    </test> <!-- Command line test -->
  </suite> <!-- Command line suite -->
</testng-results>
